<?xml version="1.0" encoding="UTF-8"?>
<testng-results ignored="0" total="2" passed="2" failed="0" skipped="0">
  <reporter-output>
  </reporter-output>
  <suite started-at="2024-11-30T09:31:26Z" name="Surefire suite" finished-at="2024-11-30T09:31:32Z" duration-ms="6054">
    <groups>
    </groups>
    <test started-at="2024-11-30T09:31:26Z" name="Surefire test" finished-at="2024-11-30T09:31:32Z" duration-ms="6054">
      <class name="MavenTest">
        <test-method signature="openChrome()[pri:1, instance:MavenTest@146044d7]" started-at="2024-11-30T09:31:26Z" name="openChrome" finished-at="2024-11-30T09:31:29Z" duration-ms="2964" status="PASS">
          <reporter-output>
          </reporter-output>
        </test-method> <!-- openChrome -->
        <test-method signature="closeChrome()[pri:2, instance:MavenTest@146044d7]" started-at="2024-11-30T09:31:29Z" name="closeChrome" finished-at="2024-11-30T09:31:32Z" duration-ms="3077" status="PASS">
          <reporter-output>
          </reporter-output>
        </test-method> <!-- closeChrome -->
      </class> <!-- MavenTest -->
    </test> <!-- Surefire test -->
  </suite> <!-- Surefire suite -->
</testng-results>
