<?xml version="1.0" encoding="UTF-8"?>
<testng-results ignored="0" total="2" passed="2" failed="0" skipped="0">
  <reporter-output>
  </reporter-output>
  <suite started-at="2024-11-25T16:51:06Z" name="Suite" finished-at="2024-11-25T16:51:12Z" duration-ms="6231">
    <groups>
    </groups>
    <test started-at="2024-11-25T16:51:06Z" name="Test" finished-at="2024-11-25T16:51:12Z" duration-ms="6231">
      <class name="MavenTest">
        <test-method signature="openChrome()[pri:1, instance:MavenTest@2b30a42c]" started-at="2024-11-25T16:51:06Z" name="openChrome" finished-at="2024-11-25T16:51:09Z" duration-ms="3074" status="PASS">
          <reporter-output>
          </reporter-output>
        </test-method> <!-- openChrome -->
        <test-method signature="closeChrome()[pri:2, instance:MavenTest@2b30a42c]" started-at="2024-11-25T16:51:09Z" name="closeChrome" finished-at="2024-11-25T16:51:12Z" duration-ms="3122" status="PASS">
          <reporter-output>
          </reporter-output>
        </test-method> <!-- closeChrome -->
      </class> <!-- MavenTest -->
    </test> <!-- Test -->
  </suite> <!-- Suite -->
</testng-results>
